#
# There is insufficient memory for the Java Runtime Environment to continue.
# Native memory allocation (malloc) failed to allocate 1048576 bytes for AllocateHeap
# Possible reasons:
#   The system is out of physical RAM or swap space
#   The process is running with CompressedOops enabled, and the Java Heap may be blocking the growth of the native heap
# Possible solutions:
#   Reduce memory load on the system
#   Increase physical memory or swap space
#   Check if swap backing store is full
#   Decrease Java heap size (-Xmx/-Xms)
#   Decrease number of Java threads
#   Decrease Java thread stack sizes (-Xss)
#   Set larger code cache with -XX:ReservedCodeCacheSize=
#   JVM is running with Unscaled Compressed Oops mode in which the Java heap is
#     placed in the first 4GB address space. The Java Heap base address is the
#     maximum limit for the native heap growth. Please use -XX:HeapBaseMinAddress
#     to set the Java Heap base and to place the Java Heap above 4GB virtual address.
# This output file may be truncated or incomplete.
#
#  Out of Memory Error (memory/allocation.inline.hpp:61), pid=20524, tid=0x0000000000000ae8
#
# JRE version:  (8.0_251-b08) (build )
# Java VM: Java HotSpot(TM) 64-Bit Server VM (25.251-b08 mixed mode windows-amd64 compressed oops)
# Failed to write core dump. Minidumps are not enabled by default on client versions of Windows
#

---------------  T H R E A D  ---------------

Current thread (0x0000000000f4e000):  JavaThread "Unknown thread" [_thread_in_vm, id=2792, stack(0x0000000000f50000,0x0000000001050000)]

Stack: [0x0000000000f50000,0x0000000001050000]
[error occurred during error reporting (printing stack bounds), id 0xc0000005]

Native frames: (J=compiled Java code, j=interpreted, Vv=VM code, C=native code)


---------------  P R O C E S S  ---------------

Java Threads: ( => current thread )

Other Threads:

=>0x0000000000f4e000 (exited) JavaThread "Unknown thread" [_thread_in_vm, id=2792, stack(0x0000000000f50000,0x0000000001050000)]

VM state:not at safepoint (normal execution)

VM Mutex/Monitor currently owned by a thread: None

heap address: 0x0000000080400000, size: 2044 MB, Compressed Oops mode: 32-bit
Narrow klass base: 0x0000000000000000, Narrow klass shift: 3
Compressed class space size: 1073741824 Address: 0x0000000100000000

Heap:
 PSYoungGen      total 38400K, used 665K [0x00000000d5700000, 0x00000000d8180000, 0x0000000100000000)
  eden space 33280K, 2% used [0x00000000d5700000,0x00000000d57a6670,0x00000000d7780000)
  from space 5120K, 0% used [0x00000000d7c80000,0x00000000d7c80000,0x00000000d8180000)
  to   space 5120K, 0% used [0x00000000d7780000,0x00000000d7780000,0x00000000d7c80000)
 ParOldGen       total 87552K, used 0K [0x0000000080400000, 0x0000000085980000, 0x00000000d5700000)
  object space 87552K, 0% used [0x0000000080400000,0x0000000080400000,0x0000000085980000)
 Metaspace       used 752K, capacity 4480K, committed 4480K, reserved 1056768K
  class space    used 76K, capacity 384K, committed 384K, reserved 1048576K

Card table byte_map: [0x0000000001510000,0x0000000001910000] byte_map_base: 0x000000000110e000

Marking Bits: (ParMarkBitMap*) 0x0000000050bbaf90
 Begin Bits: [0x0000000012810000, 0x0000000014800000)
 End Bits:   [0x0000000014800000, 0x00000000167f0000)

Polling page: 0x0000000000a40000

CodeCache: size=245760Kb used=327Kb max_used=327Kb free=245432Kb
 bounds [0x0000000003410000, 0x0000000003680000, 0x0000000012410000]
 total_blobs=57 nmethods=0 adapters=38
 compilation: enabled

Compilation events (0 events):
No events

GC Heap History (0 events):
No events

Deoptimization events (0 events):
No events

Classes redefined (0 events):
No events

Internal exceptions (0 events):
No events

Events (10 events):
Event: 0.033 loading class java/lang/Short
Event: 0.034 loading class java/lang/Short done
Event: 0.034 loading class java/lang/Integer
Event: 0.034 loading class java/lang/Integer done
Event: 0.034 loading class java/lang/Long
Event: 0.034 loading class java/lang/Long done
Event: 0.035 loading class java/lang/NullPointerException
Event: 0.035 loading class java/lang/NullPointerException done
Event: 0.035 loading class java/lang/ArithmeticException
Event: 0.035 loading class java/lang/ArithmeticException done


Dynamic libraries:
0x00007ff79c4d0000 - 0x00007ff79c507000 	C:\Program Files\Java\jre1.8.0_251\bin\javaw.exe
0x00007ffbeefd0000 - 0x00007ffbef1c8000 	C:\WINDOWS\SYSTEM32\ntdll.dll
0x00007ffbeee10000 - 0x00007ffbeeed2000 	C:\WINDOWS\System32\KERNEL32.DLL
0x00007ffbec670000 - 0x00007ffbec96e000 	C:\WINDOWS\System32\KERNELBASE.dll
0x00007ffbed970000 - 0x00007ffbeda22000 	C:\WINDOWS\System32\ADVAPI32.dll
0x00007ffbeeee0000 - 0x00007ffbeef7e000 	C:\WINDOWS\System32\msvcrt.dll
0x00007ffbee7c0000 - 0x00007ffbee860000 	C:\WINDOWS\System32\sechost.dll
0x00007ffbed2f0000 - 0x00007ffbed413000 	C:\WINDOWS\System32\RPCRT4.dll
0x00007ffbecf30000 - 0x00007ffbecf57000 	C:\WINDOWS\System32\bcrypt.dll
0x00007ffbed550000 - 0x00007ffbed6ed000 	C:\WINDOWS\System32\USER32.dll
0x00007ffbeccd0000 - 0x00007ffbeccf2000 	C:\WINDOWS\System32\win32u.dll
0x00007ffbed230000 - 0x00007ffbed25b000 	C:\WINDOWS\System32\GDI32.dll
0x00007ffbecd00000 - 0x00007ffbece17000 	C:\WINDOWS\System32\gdi32full.dll
0x00007ffbece20000 - 0x00007ffbecebd000 	C:\WINDOWS\System32\msvcp_win.dll
0x00007ffbec970000 - 0x00007ffbeca70000 	C:\WINDOWS\System32\ucrtbase.dll
0x00007ffbddbb0000 - 0x00007ffbdde4a000 	C:\WINDOWS\WinSxS\amd64_microsoft.windows.common-controls_6595b64144ccf1df_6.0.19041.4355_none_60b8b9eb71f62e16\COMCTL32.dll
0x00007ffbedb00000 - 0x00007ffbedb2f000 	C:\WINDOWS\System32\IMM32.DLL
0x0000000050d10000 - 0x0000000050de2000 	C:\Program Files\Java\jre1.8.0_251\bin\msvcr100.dll
0x0000000050390000 - 0x0000000050c3b000 	C:\Program Files\Java\jre1.8.0_251\bin\server\jvm.dll
0x00007ffbee040000 - 0x00007ffbee048000 	C:\WINDOWS\System32\PSAPI.DLL
0x00007ffbe3bd0000 - 0x00007ffbe3bf7000 	C:\WINDOWS\SYSTEM32\WINMM.dll
0x00007ffbdac30000 - 0x00007ffbdac39000 	C:\WINDOWS\SYSTEM32\WSOCK32.dll
0x00007ffbe9690000 - 0x00007ffbe969a000 	C:\WINDOWS\SYSTEM32\VERSION.dll
0x00007ffbedb30000 - 0x00007ffbedb9b000 	C:\WINDOWS\System32\WS2_32.dll
0x00007ffbe9680000 - 0x00007ffbe968f000 	C:\Program Files\Java\jre1.8.0_251\bin\verify.dll
0x00007ffbe9250000 - 0x00007ffbe9279000 	C:\Program Files\Java\jre1.8.0_251\bin\java.dll
0x00007ffbe5e30000 - 0x00007ffbe5e46000 	C:\Program Files\Java\jre1.8.0_251\bin\zip.dll

VM Arguments:
jvm_args: -Dfile.encoding=Cp1253 
java_command: numberguessing.Main
java_class_path (initial): C:\Users\User\eclipse-workspace\numberguessing\bin
Launcher Type: SUN_STANDARD

Environment Variables:
PATH=D:/Sxolh/ABAP SEMINAR/eclipse-java-2022-06-R-win32-x86_64/eclipse//plugins/org.eclipse.justj.openjdk.hotspot.jre.full.win32.x86_64_17.0.3.v20220515-1416/jre/bin/server;D:/Sxolh/ABAP SEMINAR/eclipse-java-2022-06-R-win32-x86_64/eclipse//plugins/org.eclipse.justj.openjdk.hotspot.jre.full.win32.x86_64_17.0.3.v20220515-1416/jre/bin;C:\Program Files (x86)\Common Files\Oracle\Java\javapath;C:\Program Files (x86)\NVIDIA Corporation\PhysX\Common;C:\ProgramData\Oracle\Java\javapath;C:\WINDOWS\system32;C:\WINDOWS;C:\WINDOWS\System32\Wbem;C:\WINDOWS\System32\WindowsPowerShell\v1.0\;C:\WINDOWS\System32\OpenSSH\;C:\Program Files\Common Files\Autodesk Shared\;C:\Program Files\Microsoft SQL Server\120\Tools\Binn\;C:\Users\User\OneDrive\Υπολογιστής\TNPROJECT;C:\Program Files (x86)\dotnet\;C:\Program Files\Microsoft SQL Server\150\Tools\Binn\;C:\Users\User\AppData\Local\Programs\Python\Python39\Scripts\;C:\Users\User\AppData\Local\Programs\Python\Python39\;C:\Program Files\MySQL\MySQL Shell 8.0\bin\;C:\Users\User\AppData\Local\Microsoft\WindowsApps;D:\Sxolh\ABAP SEMINAR\Microsoft VS Code\bin;D:\Sxolh\ABAP SEMINAR\eclipse-java-2022-06-R-win32-x86_64\eclipse;
USERNAME=User
OS=Windows_NT
PROCESSOR_IDENTIFIER=AMD64 Family 21 Model 2 Stepping 0, AuthenticAMD



---------------  S Y S T E M  ---------------

OS: Windows 10.0 , 64 bit Build 19041 (10.0.19041.4957)

CPU:total 8 (initial active 8) (8 cores per cpu, 1 threads per core) family 21 model 2 stepping 0, cmov, cx8, fxsr, mmx, sse, sse2, sse3, ssse3, sse4.1, sse4.2, popcnt, avx, aes, clmul, mmxext, 3dnowpref, lzcnt, sse4a, tsc, tscinvbit, tscinv, bmi1

Memory: 4k page, physical 8364364k(3329408k free), swap 22863828k(6192k free)

vm_info: Java HotSpot(TM) 64-Bit Server VM (25.251-b08) for windows-amd64 JRE (1.8.0_251-b08), built on Mar 12 2020 06:31:49 by "" with MS VC++ 10.0 (VS2010)

time: Wed Oct 30 19:17:59 2024
timezone: Χειμερινή ώρα GTB
elapsed time: 0 seconds (0d 0h 0m 0s)

